Playlist 20/09/14 has 37 tracks imported
Playlist Turc has 14 tracks imported
Playlist #jayz has 19 tracks imported
Playlist Pop/Rock has 8 tracks imported
Playlist #IAM has 50 tracks imported
Playlist Dubstep has 9 tracks imported
Playlist #sniper has 74 tracks imported
Playlist Ambient has 3 tracks imported
Playlist Girls Sound has 24 tracks imported
Playlist Dancehall has 13 tracks imported
Playlist Spirit has 22 tracks imported
Playlist Oldies has 20 tracks imported
Playlist Maghreb has 14 tracks imported
Playlist Favoris has 18 tracks imported
Playlist R'n'B has 56 tracks imported
Playlist RapFR2 has 46 tracks imported
Playlist RapFR has 108 tracks imported
Playlist DiscoThrill has 34 tracks imported
Playlist #deluxe has 19 tracks imported
Playlist Reggae has 61 tracks imported
Playlist RapUS has 87 tracks imported
Playlist RapUS2 has 69 tracks imported
Playlist Reggae2 has 11 tracks imported
Started export for 20/09/14 ...
1 37
2 37
3 37
4 37
5 37
6 37
7 37
8 37
9 37
10 37
11 37
12 37
13 37
14 37
15 37
16 37
17 37
18 37
19 37
20 37
21 37
22 37
23 37
24 37
25 37
26 37
27 37
28 37
29 37
30 37
31 37
32 37
33 37
34 37
35 37
36 37
37 37
spotify:track:5JCi3pyggvk4B0yd0BK3ow,spotify:track:6awiC20LBCoZPZG9J40qgV,spotify:track:5JCi3pyggvk4B0yd0BK3ow,spotify:track:0idc0XRnLRovVqpWnGQ6hC,spotify:track:2NqEtnkmCLvAdpJhSTJhpM,spotify:track:4Zwre9ijcGEffkFFoGGYWz,spotify:track:42UaTVeWaNaME7ttu61ykG,spotify:track:5KFgQNcEBCRXKIxJhOfLlQ,spotify:track:5taEkpLAKpaBl9ONW6AOup,spotify:track:5wQeCrJTJxGZnILnyCBHjI,spotify:track:1tm9XDuEiIOr82tUBW36Wd,spotify:track:0QjhfF1zVLwiJxCoXwu6pC,spotify:track:79u04HDt5Mx9g36jTLp3oN,spotify:track:51tUT1gHE30GQPhn1agudM,spotify:track:6PwlflCtZOKBmoSVCJQVof,spotify:track:1zvLMu2LaeAX1OUgJlfXFc,spotify:track:0EJJu2Ag7DqTM8W4o7Vg7q,spotify:track:3Vr1FxMHtBLnQASeLl8YmG,spotify:track:7hrDA2n8BVGLyHra0rBiFd,spotify:track:0il1UaNJwNNP7Yn8yMwzOr,spotify:track:5iyqqccidB1SEpOXXctyTR,spotify:track:58stjpV04lJKmPgc2vxm6J,spotify:track:29l9kMr8pFN3Fk2NpvGOb2,spotify:track:51tUT1gHE30GQPhn1agudM,spotify:track:0xc6HELvITbN1V9fVfuaC4,spotify:track:0EUVhRzRMsVa1q9ivjmdHW,spotify:track:1y4Kln6VEjQMpmHW7j9GeY,spotify:track:2kFVqq19bFWyGpe4IyL7Eo,spotify:track:4s6i5v8z3EVuBeWkFQkJMu,spotify:track:7zBFKTgYjzrHT0hUuBev78,spotify:track:5bYqZ85zQUisli2BQMnDPl,spotify:track:3dwrdMzRoFTRYj44n2WwN8
Ended export for 20/09/14 !
